2025-04-27 23:02:25.869 [main] [DEBUG] testCases.TC001_AccountRegistrationTest -Debug Logs...
2025-04-27 23:02:25.878 [main] [INFO ] testCases.TC001_AccountRegistrationTest -*******Completed TC001_AccountRegistrationTest execution********
2025-04-27 23:04:32.773 [main] [INFO ] testCases.TC001_AccountRegistrationTest -******Starting  TC001_AccountRegistrationTest********
2025-04-27 23:04:33.271 [main] [INFO ] testCases.TC001_AccountRegistrationTest -clicked on MyAccountLink
2025-04-27 23:04:33.696 [main] [INFO ] testCases.TC001_AccountRegistrationTest -clicked on Registration
2025-04-27 23:04:33.699 [main] [INFO ] testCases.TC001_AccountRegistrationTest -******Entering Customer details********
2025-04-27 23:04:35.248 [main] [INFO ] testCases.TC001_AccountRegistrationTest -validating expected message
2025-04-27 23:04:35.302 [main] [ERROR] testCases.TC001_AccountRegistrationTest -Test Failed...
2025-04-27 23:04:35.302 [main] [DEBUG] testCases.TC001_AccountRegistrationTest -Debug Logs...
2025-04-27 23:04:35.305 [main] [INFO ] testCases.TC001_AccountRegistrationTest -*******Completed TC001_AccountRegistrationTest execution********
2025-04-27 23:06:50.449 [main] [INFO ] testCases.TC001_AccountRegistrationTest -******Starting  TC001_AccountRegistrationTest********
2025-04-27 23:06:50.821 [main] [INFO ] testCases.TC001_AccountRegistrationTest -clicked on MyAccountLink
2025-04-27 23:06:51.724 [main] [INFO ] testCases.TC001_AccountRegistrationTest -clicked on Registration
2025-04-27 23:06:51.728 [main] [INFO ] testCases.TC001_AccountRegistrationTest -******Entering Customer details********
2025-04-27 23:06:53.346 [main] [INFO ] testCases.TC001_AccountRegistrationTest -validating expected message
2025-04-27 23:06:53.405 [main] [ERROR] testCases.TC001_AccountRegistrationTest -Test Failed...
2025-04-27 23:06:53.405 [main] [DEBUG] testCases.TC001_AccountRegistrationTest -Debug Logs...
2025-04-27 23:06:53.408 [main] [INFO ] testCases.TC001_AccountRegistrationTest -*******Completed TC001_AccountRegistrationTest execution********
2025-04-27 23:07:38.003 [main] [INFO ] testCases.TC001_AccountRegistrationTest -******Starting  TC001_AccountRegistrationTest********
2025-04-27 23:07:38.411 [main] [INFO ] testCases.TC001_AccountRegistrationTest -clicked on MyAccountLink
2025-04-27 23:07:38.985 [main] [INFO ] testCases.TC001_AccountRegistrationTest -clicked on Registration
2025-04-27 23:07:38.990 [main] [INFO ] testCases.TC001_AccountRegistrationTest -******Entering Customer details********
2025-04-27 23:07:40.523 [main] [INFO ] testCases.TC001_AccountRegistrationTest -validating expected message
2025-04-27 23:07:40.581 [main] [ERROR] testCases.TC001_AccountRegistrationTest -Test Failed...
2025-04-27 23:07:40.582 [main] [DEBUG] testCases.TC001_AccountRegistrationTest -Debug Logs...
2025-04-27 23:07:40.585 [main] [INFO ] testCases.TC001_AccountRegistrationTest -*******Completed TC001_AccountRegistrationTest execution********
2025-04-27 23:11:29.597 [main] [INFO ] testCases.TC001_AccountRegistrationTest -******Starting  TC001_AccountRegistrationTest********
2025-04-27 23:11:30.216 [main] [INFO ] testCases.TC001_AccountRegistrationTest -clicked on MyAccountLink
2025-04-27 23:11:30.795 [main] [INFO ] testCases.TC001_AccountRegistrationTest -clicked on Registration
2025-04-27 23:11:30.797 [main] [INFO ] testCases.TC001_AccountRegistrationTest -******Entering Customer details********
2025-04-27 23:11:32.440 [main] [INFO ] testCases.TC001_AccountRegistrationTest -validating expected message
2025-04-27 23:11:32.497 [main] [ERROR] testCases.TC001_AccountRegistrationTest -Test Failed...
2025-04-27 23:11:32.500 [main] [INFO ] testCases.TC001_AccountRegistrationTest -*******Completed TC001_AccountRegistrationTest execution********
2025-04-27 23:19:43.348 [main] INFO  testCases.TC001_AccountRegistrationTest -******Starting  TC001_AccountRegistrationTest********
2025-04-27 23:19:43.890 [main] INFO  testCases.TC001_AccountRegistrationTest -clicked on MyAccountLink
2025-04-27 23:19:44.411 [main] INFO  testCases.TC001_AccountRegistrationTest -clicked on Registration
2025-04-27 23:19:44.445 [main] INFO  testCases.TC001_AccountRegistrationTest -******Entering Customer details********
2025-04-27 23:19:46.052 [main] INFO  testCases.TC001_AccountRegistrationTest -validating expected message
2025-04-27 23:19:46.106 [main] ERROR testCases.TC001_AccountRegistrationTest -Test Failed...
2025-04-27 23:19:46.106 [main] DEBUG testCases.TC001_AccountRegistrationTest -Debug Logs...
2025-04-27 23:19:46.110 [main] INFO  testCases.TC001_AccountRegistrationTest -*******Completed TC001_AccountRegistrationTest execution********
2025-04-27 23:21:32.787 [main] INFO  testCases.TC001_AccountRegistrationTest -******Starting  TC001_AccountRegistrationTest********
2025-04-27 23:21:32.962 [main] INFO  testCases.TC001_AccountRegistrationTest -clicked on MyAccountLink
2025-04-27 23:21:33.903 [main] INFO  testCases.TC001_AccountRegistrationTest -clicked on Registration
